<?xml version="1.0" encoding="UTF-8"?>
<!-- Generated by org.testng.reporters.JUnitReportReporter -->
<testsuite hostname="DESKTOP-DKGOJOA" failures="0" tests="4" name="com.TestNg_Selenuim.TestNg_Selenuim" time="15.230" errors="0" timestamp="2024-03-17T00:43:29 IST" skipped="0">
  <testcase classname="com.TestNg_Selenuim.TestNg_Selenuim" name="Landing_Page" time="0.049"/>
  <testcase classname="com.TestNg_Selenuim.TestNg_Selenuim" name="Calculator_Click" time="2.694"/>
  <testcase classname="com.TestNg_Selenuim.TestNg_Selenuim" name="Home_page" time="0.958"/>
  <testcase classname="com.TestNg_Selenuim.TestNg_Selenuim" name="New_Cars" time="11.529"/>
</testsuite> <!-- com.TestNg_Selenuim.TestNg_Selenuim -->
